g:\project\gitproject\duilib_teach\gamedemo\debug\gamedemo.bsc
g:\project\gitproject\duilib_teach\gamedemo\debug\gamedemo.pch
g:\project\gitproject\duilib_teach\gamedemo\debug\vc120.pdb
g:\project\gitproject\duilib_teach\gamedemo\debug\vc120.idb
g:\project\gitproject\duilib_teach\gamedemo\debug\stdafx.sbr
g:\project\gitproject\duilib_teach\gamedemo\debug\stdafx.obj
g:\project\gitproject\duilib_teach\gamedemo\debug\gamedemo.sbr
g:\project\gitproject\duilib_teach\gamedemo\debug\gamedemo.obj
g:\project\gitproject\duilib_teach\gamedemo\debug\minidumper.sbr
g:\project\gitproject\duilib_teach\gamedemo\debug\minidumper.obj
g:\project\gitproject\duilib_teach\iexplorerdemo\debug\vc141.pdb
g:\project\gitproject\duilib_teach\iexplorerdemo\debug\vc141.idb
g:\project\gitproject\duilib_teach\bin\gamedemo.exe
g:\project\gitproject\duilib_teach\gamedemo\debug\gamedemo.map
g:\project\gitproject\duilib_teach\gamedemo\debug\gamedemo.pdb
g:\project\gitproject\duilib_teach\gamedemo\debug\gamedemo.res
g:\project\gitproject\duilib_teach\iexplorerdemo\debug\gamedemo.obj
g:\project\gitproject\duilib_teach\iexplorerdemo\debug\minidumper.obj
g:\project\gitproject\duilib_teach\iexplorerdemo\debug\gamedemo.res
g:\project\gitproject\duilib_teach\iexplorerdemo\debug\vc120.idb
g:\project\gitproject\duilib_teach\iexplorerdemo\debug\gamedemo.pdb
g:\project\gitproject\duilib_teach\iexplorerdemo\debug\vc120.pdb
g:\project\gitproject\duilib_teach\iexplorerdemo\debug\gamedemo.bsc
g:\project\gitproject\duilib_teach\iexplorerdemo\debug\gamedemo.sbr
g:\project\gitproject\duilib_teach\iexplorerdemo\debug\minidumper.sbr
g:\project\gitproject\duilib_teach\iexplorerdemo\debug\gamedemo.tlog\bscmake.command.1.tlog
g:\project\gitproject\duilib_teach\iexplorerdemo\debug\gamedemo.tlog\bscmake.read.1.tlog
g:\project\gitproject\duilib_teach\iexplorerdemo\debug\gamedemo.tlog\bscmake.write.1.tlog
g:\project\gitproject\duilib_teach\iexplorerdemo\debug\gamedemo.tlog\cl.command.1.tlog
g:\project\gitproject\duilib_teach\iexplorerdemo\debug\gamedemo.tlog\cl.read.1.tlog
g:\project\gitproject\duilib_teach\iexplorerdemo\debug\gamedemo.tlog\cl.write.1.tlog
g:\project\gitproject\duilib_teach\iexplorerdemo\debug\gamedemo.tlog\link.command.1.tlog
g:\project\gitproject\duilib_teach\iexplorerdemo\debug\gamedemo.tlog\link.read.1.tlog
g:\project\gitproject\duilib_teach\iexplorerdemo\debug\gamedemo.tlog\link.write.1.tlog
g:\project\gitproject\duilib_teach\iexplorerdemo\debug\gamedemo.tlog\rc.command.1.tlog
g:\project\gitproject\duilib_teach\iexplorerdemo\debug\gamedemo.tlog\rc.read.1.tlog
g:\project\gitproject\duilib_teach\iexplorerdemo\debug\gamedemo.tlog\rc.write.1.tlog
